[
  {
    "line": 2,
    "elements": [
      {
        "before": [
          {
            "result": {
              "duration": 5518788600,
              "status": "passed"
            },
            "match": {
              "location": "Hooks.setUp()"
            }
          },
          {
            "result": {
              "duration": 4739671600,
              "status": "passed"
            },
            "match": {
              "location": "Hooks.login()"
            }
          }
        ],
        "line": 4,
        "name": "eApp application Feature test Scenario",
        "description": "",
        "id": "application-feature;eapp-application-feature-test-scenario",
        "after": [
          {
            "result": {
              "error_message": "org.openqa.selenium.NoSuchWindowException: no such window: target window already closed\nfrom unknown error: web view not found\n  (Session info: chrome\u003d77.0.3865.75)\nBuild info: version: \u00273.141.59\u0027, revision: \u0027e82be7d358\u0027, time: \u00272018-11-14T08:17:03\u0027\nSystem info: host: \u0027ALXLWX2304\u0027, ip: \u002710.120.5.31\u0027, os.name: \u0027Windows 10\u0027, os.arch: \u0027amd64\u0027, os.version: \u002710.0\u0027, java.version: \u002712.0.2\u0027\nDriver info: org.openqa.selenium.chrome.ChromeDriver\nCapabilities {acceptInsecureCerts: false, browserName: chrome, browserVersion: 77.0.3865.75, chrome: {chromedriverVersion: 77.0.3865.40 (f484704e052e0..., userDataDir: C:\\Users\\MABABA~1\\AppData\\L...}, goog:chromeOptions: {debuggerAddress: localhost:63473}, javascriptEnabled: true, networkConnectionEnabled: false, pageLoadStrategy: normal, platform: XP, platformName: XP, proxy: Proxy(), setWindowRect: true, strictFileInteractability: false, timeouts: {implicit: 0, pageLoad: 300000, script: 30000}, unhandledPromptBehavior: dismiss and notify}\nSession ID: d38271d28f803bd4004181419890afce\r\n\tat java.base/jdk.internal.reflect.NativeConstructorAccessorImpl.newInstance0(Native Method)\r\n\tat java.base/jdk.internal.reflect.NativeConstructorAccessorImpl.newInstance(NativeConstructorAccessorImpl.java:62)\r\n\tat java.base/jdk.internal.reflect.DelegatingConstructorAccessorImpl.newInstance(DelegatingConstructorAccessorImpl.java:45)\r\n\tat java.base/java.lang.reflect.Constructor.newInstanceWithCaller(Constructor.java:500)\r\n\tat java.base/java.lang.reflect.Constructor.newInstance(Constructor.java:481)\r\n\tat org.openqa.selenium.remote.http.W3CHttpResponseCodec.createException(W3CHttpResponseCodec.java:187)\r\n\tat org.openqa.selenium.remote.http.W3CHttpResponseCodec.decode(W3CHttpResponseCodec.java:122)\r\n\tat org.openqa.selenium.remote.http.W3CHttpResponseCodec.decode(W3CHttpResponseCodec.java:49)\r\n\tat org.openqa.selenium.remote.HttpCommandExecutor.execute(HttpCommandExecutor.java:158)\r\n\tat org.openqa.selenium.remote.service.DriverCommandExecutor.execute(DriverCommandExecutor.java:83)\r\n\tat org.openqa.selenium.remote.RemoteWebDriver.execute(RemoteWebDriver.java:552)\r\n\tat org.openqa.selenium.remote.RemoteWebDriver.execute(RemoteWebDriver.java:609)\r\n\tat org.openqa.selenium.remote.RemoteWebDriver.getScreenshotAs(RemoteWebDriver.java:295)\r\n\tat utilities.TestBase.TearDown(TestBase.java:74)\r\n\tat stepdefination.Hooks.tearDown(Hooks.java:39)\r\n\tat java.base/jdk.internal.reflect.NativeMethodAccessorImpl.invoke0(Native Method)\r\n\tat java.base/jdk.internal.reflect.NativeMethodAccessorImpl.invoke(NativeMethodAccessorImpl.java:62)\r\n\tat java.base/jdk.internal.reflect.DelegatingMethodAccessorImpl.invoke(DelegatingMethodAccessorImpl.java:43)\r\n\tat java.base/java.lang.reflect.Method.invoke(Method.java:567)\r\n\tat cucumber.runtime.Utils$1.call(Utils.java:26)\r\n\tat cucumber.runtime.Timeout.timeout(Timeout.java:16)\r\n\tat cucumber.runtime.Utils.invoke(Utils.java:20)\r\n\tat cucumber.runtime.java.JavaHookDefinition.execute(JavaHookDefinition.java:60)\r\n\tat cucumber.runtime.HookDefinitionMatch.runStep(HookDefinitionMatch.java:14)\r\n\tat cucumber.runner.TestStep.executeStep(TestStep.java:55)\r\n\tat cucumber.runner.TestStep.run(TestStep.java:42)\r\n\tat cucumber.runner.TestCase.run(TestCase.java:53)\r\n\tat cucumber.runner.Runner.runPickle(Runner.java:44)\r\n\tat cucumber.runtime.junit.PickleRunners$NoStepDescriptions.run(PickleRunners.java:140)\r\n\tat cucumber.runtime.junit.FeatureRunner.runChild(FeatureRunner.java:68)\r\n\tat cucumber.runtime.junit.FeatureRunner.runChild(FeatureRunner.java:23)\r\n\tat org.junit.runners.ParentRunner$3.run(ParentRunner.java:290)\r\n\tat org.junit.runners.ParentRunner$1.schedule(ParentRunner.java:71)\r\n\tat org.junit.runners.ParentRunner.runChildren(ParentRunner.java:288)\r\n\tat org.junit.runners.ParentRunner.access$000(ParentRunner.java:58)\r\n\tat org.junit.runners.ParentRunner$2.evaluate(ParentRunner.java:268)\r\n\tat org.junit.runners.ParentRunner.run(ParentRunner.java:363)\r\n\tat cucumber.runtime.junit.FeatureRunner.run(FeatureRunner.java:73)\r\n\tat cucumber.api.junit.Cucumber.runChild(Cucumber.java:98)\r\n\tat cucumber.api.junit.Cucumber.runChild(Cucumber.java:55)\r\n\tat org.junit.runners.ParentRunner$3.run(ParentRunner.java:290)\r\n\tat org.junit.runners.ParentRunner$1.schedule(ParentRunner.java:71)\r\n\tat org.junit.runners.ParentRunner.runChildren(ParentRunner.java:288)\r\n\tat org.junit.runners.ParentRunner.access$000(ParentRunner.java:58)\r\n\tat org.junit.runners.ParentRunner$2.evaluate(ParentRunner.java:268)\r\n\tat cucumber.api.junit.Cucumber$1.evaluate(Cucumber.java:107)\r\n\tat org.junit.runners.ParentRunner.run(ParentRunner.java:363)\r\n\tat org.eclipse.jdt.internal.junit4.runner.JUnit4TestReference.run(JUnit4TestReference.java:89)\r\n\tat org.eclipse.jdt.internal.junit.runner.TestExecution.run(TestExecution.java:41)\r\n\tat org.eclipse.jdt.internal.junit.runner.RemoteTestRunner.runTests(RemoteTestRunner.java:541)\r\n\tat org.eclipse.jdt.internal.junit.runner.RemoteTestRunner.runTests(RemoteTestRunner.java:763)\r\n\tat org.eclipse.jdt.internal.junit.runner.RemoteTestRunner.run(RemoteTestRunner.java:463)\r\n\tat org.eclipse.jdt.internal.junit.runner.RemoteTestRunner.main(RemoteTestRunner.java:209)\r\n",
              "duration": 5447800,
              "status": "failed"
            },
            "match": {
              "location": "Hooks.tearDown(Scenario)"
            }
          }
        ],
        "type": "scenario",
        "keyword": "Scenario",
        "steps": [
          {
            "result": {
              "duration": 678870400,
              "status": "passed"
            },
            "line": 6,
            "name": "User enter HomePage to click Manage cases button",
            "match": {
              "location": "ApplicationPageStepDef.user_enter_HomePage_to_click_Manage_cases_button()"
            },
            "keyword": "When "
          },
          {
            "result": {
              "duration": 192767100,
              "status": "passed"
            },
            "line": 7,
            "name": "User input search to find AFBA case",
            "match": {
              "location": "ApplicationPageStepDef.user_input_search_to_find_AFBA_case()"
            },
            "keyword": "Then "
          },
          {
            "result": {
              "duration": 1762127200,
              "status": "passed"
            },
            "line": 8,
            "name": "click the AFBA case",
            "match": {
              "location": "ApplicationPageStepDef.click_the_AFBA_case()"
            },
            "keyword": "And "
          },
          {
            "result": {
              "duration": 2205967500,
              "status": "passed"
            },
            "line": 9,
            "name": "create New Enrollment",
            "match": {
              "location": "ApplicationPageStepDef.create_New_Enrollment()"
            },
            "keyword": "Then "
          },
          {
            "result": {
              "duration": 3427690200,
              "status": "passed"
            },
            "line": 10,
            "name": "User input Sponsor SSN and click Next button",
            "match": {
              "location": "ApplicationPageStepDef.user_input_Sponsor_SSN_and_click_Next_button()"
            },
            "keyword": "Then "
          },
          {
            "result": {
              "duration": 685231200,
              "status": "passed"
            },
            "line": 11,
            "name": "User input Sponsor firstName, lastName, dateOfBirth",
            "match": {
              "location": "ApplicationPageStepDef.user_input_Sponsor_firstName_lastName_dateOfBirth()"
            },
            "keyword": "And "
          },
          {
            "result": {
              "duration": 465408100,
              "status": "passed"
            },
            "line": 18,
            "name": "User select Eligibility, BranchOfService, DutyStatus, Rank and Contribution Mode",
            "match": {
              "location": "ApplicationPageStepDef.user_select_Eligibility_BranchOfService_DutyStatus_Rank_and_Contribution_Mode()"
            },
            "keyword": "And "
          },
          {
            "result": {
              "duration": 300554600,
              "status": "passed"
            },
            "line": 19,
            "name": "User input DepartmentCode and SourceCode",
            "match": {
              "location": "ApplicationPageStepDef.user_input_DepartmentCode_and_SourceCode()"
            },
            "keyword": "Then "
          },
          {
            "result": {
              "duration": 2216120600,
              "status": "passed"
            },
            "line": 20,
            "name": "User click Show Coverage Options button",
            "match": {
              "location": "ApplicationPageStepDef.user_click_Show_Coverage_Options_button()"
            },
            "keyword": "Then "
          },
          {
            "result": {
              "duration": 595991300,
              "status": "passed"
            },
            "line": 21,
            "name": "User select firstOption",
            "match": {
              "location": "ApplicationPageStepDef.user_select_firstOption()"
            },
            "keyword": "And "
          },
          {
            "result": {
              "duration": 186184800,
              "status": "passed"
            },
            "line": 22,
            "name": "User click Next button",
            "match": {
              "location": "ApplicationPageStepDef.User_click_Next_button()"
            },
            "keyword": "Then "
          },
          {
            "result": {
              "duration": 205702400,
              "status": "passed"
            },
            "line": 24,
            "name": "User select yes or No for Other Insurance option",
            "match": {
              "location": "ApplicationPageStepDef.user_select_yes_or_No_for_Other_Insurance_option()"
            },
            "keyword": "And "
          },
          {
            "result": {
              "duration": 1012137300,
              "status": "passed"
            },
            "line": 25,
            "name": "User select Yes or No for Better Alternative options",
            "match": {
              "location": "ApplicationPageStepDef.user_select_Yes_or_No_for_Better_Alternative_options()"
            },
            "keyword": "Then "
          },
          {
            "result": {
              "error_message": "org.openqa.selenium.NoSuchWindowException: no such window: target window already closed\nfrom unknown error: web view not found\n  (Session info: chrome\u003d77.0.3865.75)\nBuild info: version: \u00273.141.59\u0027, revision: \u0027e82be7d358\u0027, time: \u00272018-11-14T08:17:03\u0027\nSystem info: host: \u0027ALXLWX2304\u0027, ip: \u002710.120.5.31\u0027, os.name: \u0027Windows 10\u0027, os.arch: \u0027amd64\u0027, os.version: \u002710.0\u0027, java.version: \u002712.0.2\u0027\nDriver info: org.openqa.selenium.chrome.ChromeDriver\nCapabilities {acceptInsecureCerts: false, browserName: chrome, browserVersion: 77.0.3865.75, chrome: {chromedriverVersion: 77.0.3865.40 (f484704e052e0..., userDataDir: C:\\Users\\MABABA~1\\AppData\\L...}, goog:chromeOptions: {debuggerAddress: localhost:63473}, javascriptEnabled: true, networkConnectionEnabled: false, pageLoadStrategy: normal, platform: XP, platformName: XP, proxy: Proxy(), setWindowRect: true, strictFileInteractability: false, timeouts: {implicit: 0, pageLoad: 300000, script: 30000}, unhandledPromptBehavior: dismiss and notify}\nSession ID: d38271d28f803bd4004181419890afce\n*** Element info: {Using\u003dxpath, value\u003d//button[@class\u003d\u0027btn btn-success btn-next\u0027]}\r\n\tat java.base/jdk.internal.reflect.NativeConstructorAccessorImpl.newInstance0(Native Method)\r\n\tat java.base/jdk.internal.reflect.NativeConstructorAccessorImpl.newInstance(NativeConstructorAccessorImpl.java:62)\r\n\tat java.base/jdk.internal.reflect.DelegatingConstructorAccessorImpl.newInstance(DelegatingConstructorAccessorImpl.java:45)\r\n\tat java.base/java.lang.reflect.Constructor.newInstanceWithCaller(Constructor.java:500)\r\n\tat java.base/java.lang.reflect.Constructor.newInstance(Constructor.java:481)\r\n\tat org.openqa.selenium.remote.http.W3CHttpResponseCodec.createException(W3CHttpResponseCodec.java:187)\r\n\tat org.openqa.selenium.remote.http.W3CHttpResponseCodec.decode(W3CHttpResponseCodec.java:122)\r\n\tat org.openqa.selenium.remote.http.W3CHttpResponseCodec.decode(W3CHttpResponseCodec.java:49)\r\n\tat org.openqa.selenium.remote.HttpCommandExecutor.execute(HttpCommandExecutor.java:158)\r\n\tat org.openqa.selenium.remote.service.DriverCommandExecutor.execute(DriverCommandExecutor.java:83)\r\n\tat org.openqa.selenium.remote.RemoteWebDriver.execute(RemoteWebDriver.java:552)\r\n\tat org.openqa.selenium.remote.RemoteWebDriver.findElement(RemoteWebDriver.java:323)\r\n\tat org.openqa.selenium.remote.RemoteWebDriver.findElementByXPath(RemoteWebDriver.java:428)\r\n\tat org.openqa.selenium.By$ByXPath.findElement(By.java:353)\r\n\tat org.openqa.selenium.remote.RemoteWebDriver.findElement(RemoteWebDriver.java:315)\r\n\tat org.openqa.selenium.support.pagefactory.DefaultElementLocator.findElement(DefaultElementLocator.java:69)\r\n\tat org.openqa.selenium.support.pagefactory.internal.LocatingElementHandler.invoke(LocatingElementHandler.java:38)\r\n\tat com.sun.proxy.$Proxy18.click(Unknown Source)\r\n\tat stepdefination.ApplicationPageStepDef.cilck_the_Next_button(ApplicationPageStepDef.java:168)\r\n\tat âœ½.cilck the Next button(MyFeatures/application.feature:28)\r\n",
              "duration": 49813800,
              "status": "failed"
            },
            "line": 28,
            "name": "cilck the Next button",
            "match": {
              "location": "ApplicationPageStepDef.cilck_the_Next_button()"
            },
            "keyword": "Then "
          },
          {
            "result": {
              "status": "skipped"
            },
            "line": 30,
            "name": "User select Sponsor gender",
            "match": {
              "location": "ApplicationPageStepDef.user_select_Sponsor_gender()"
            },
            "keyword": "And "
          },
          {
            "result": {
              "status": "skipped"
            },
            "line": 31,
            "name": "User input Sponsor height and weight",
            "match": {
              "location": "ApplicationPageStepDef.user_input_Sponsor_height_and_weight()"
            },
            "keyword": "Then "
          },
          {
            "result": {
              "status": "skipped"
            },
            "line": 32,
            "name": "User input Sponsor address, Email and contact numbers",
            "match": {
              "location": "ApplicationPageStepDef.user_input_Sponsor_address_Email_and_contact_numbers()"
            },
            "keyword": "Then "
          },
          {
            "result": {
              "status": "skipped"
            },
            "line": 33,
            "name": "User click Next button",
            "match": {
              "location": "ApplicationPageStepDef.User_click_Next_button()"
            },
            "keyword": "Then "
          },
          {
            "result": {
              "status": "skipped"
            },
            "line": 38,
            "name": "User click Next button",
            "match": {
              "location": "ApplicationPageStepDef.User_click_Next_button()"
            },
            "keyword": "And "
          },
          {
            "result": {
              "status": "skipped"
            },
            "line": 44,
            "name": "User enter Sponsor beneficiary fullName SSN Relationship DOB",
            "match": {
              "location": "ApplicationPageStepDef.user_enter_Sponsor_beneficiary_fullName_SSN_Relationship_DOB()"
            },
            "keyword": "And "
          },
          {
            "result": {
              "status": "skipped"
            },
            "line": 45,
            "name": "User click Next buuton for next step",
            "match": {
              "location": "ApplicationPageStepDef.user_click_Next_buuton_for_next_step()"
            },
            "keyword": "Then "
          },
          {
            "result": {
              "status": "skipped"
            },
            "line": 46,
            "name": "User click Deducation day",
            "match": {
              "location": "ApplicationPageStepDef.user_click_Deducation_day()"
            },
            "keyword": "Then "
          },
          {
            "result": {
              "status": "skipped"
            },
            "line": 47,
            "name": "User select Deducation day",
            "match": {
              "location": "ApplicationPageStepDef.user_select_Deducation_day()"
            },
            "keyword": "Then "
          },
          {
            "result": {
              "status": "skipped"
            },
            "line": 48,
            "name": "User input Credit Card Number, Expiration Date and Cvv",
            "match": {
              "location": "ApplicationPageStepDef.user_input_Credit_Card_Number_Expiration_Date_and_Cvv()"
            },
            "keyword": "And "
          },
          {
            "result": {
              "status": "skipped"
            },
            "line": 49,
            "name": "User click Signing in-person button",
            "match": {
              "location": "ApplicationPageStepDef.user_click_Signing_in_person_button()"
            },
            "keyword": "Then "
          },
          {
            "result": {
              "status": "skipped"
            },
            "line": 50,
            "name": "User click I agree to this coverage and ready to sign button",
            "match": {
              "location": "ApplicationPageStepDef.user_click_I_agree_to_this_coverage_and_ready_to_sign_button()"
            },
            "keyword": "Then "
          },
          {
            "result": {
              "status": "skipped"
            },
            "line": 51,
            "name": "User click the Review Application Ducuments",
            "match": {
              "location": "ApplicationPageStepDef.user_click_the_Review_Application_Ducuments()"
            },
            "keyword": "Then "
          },
          {
            "result": {
              "status": "skipped"
            },
            "line": 52,
            "name": "User Close the Application",
            "match": {
              "location": "ApplicationPageStepDef.user_Close_the_Application()"
            },
            "keyword": "Then "
          },
          {
            "result": {
              "status": "skipped"
            },
            "line": 54,
            "name": "User select Paper radio button",
            "match": {
              "location": "ApplicationPageStepDef.user_select_Paper_radio_button()"
            },
            "keyword": "Then "
          },
          {
            "result": {
              "status": "skipped"
            },
            "line": 55,
            "name": "User input sponsor lastName",
            "match": {
              "location": "ApplicationPageStepDef.user_input_sponsor_lastName()"
            },
            "keyword": "And "
          },
          {
            "result": {
              "status": "skipped"
            },
            "line": 56,
            "name": "User input Last four SSN number",
            "match": {
              "location": "ApplicationPageStepDef.user_input_Last_four_SSN_number()"
            },
            "keyword": "And "
          },
          {
            "result": {
              "status": "skipped"
            },
            "line": 57,
            "name": "User Click Sign button",
            "match": {
              "location": "ApplicationPageStepDef.user_Click_Sign_button()"
            },
            "keyword": "Then "
          },
          {
            "result": {
              "status": "skipped"
            },
            "line": 58,
            "name": "User click Sign button for Angent eSignature",
            "match": {
              "location": "ApplicationPageStepDef.user_click_Sign_button_for_Angent_eSignature()"
            },
            "keyword": "And "
          },
          {
            "result": {
              "status": "skipped"
            },
            "line": 59,
            "name": "back to Home page",
            "match": {
              "location": "ApplicationPageStepDef.back_to_Home_page()"
            },
            "keyword": "Then "
          },
          {
            "result": {
              "status": "skipped"
            },
            "line": 60,
            "name": "click View Transmittals button",
            "match": {
              "location": "ApplicationPageStepDef.click_View_Transmittals_button()"
            },
            "keyword": "And "
          },
          {
            "result": {
              "status": "skipped"
            },
            "line": 61,
            "name": "View Submission button to check submission",
            "match": {
              "location": "ApplicationPageStepDef.view_Submission_button_to_check_submission()"
            },
            "keyword": "Then "
          },
          {
            "result": {
              "status": "skipped"
            },
            "line": 62,
            "name": "check Download Data from XML file",
            "match": {
              "location": "ApplicationPageStepDef.check_Download_Data_from_XML_file()"
            },
            "keyword": "Then "
          }
        ],
        "tags": [
          {
            "name": "@Test01"
          }
        ]
      }
    ],
    "name": "application Feature",
    "description": "",
    "id": "application-feature",
    "keyword": "Feature",
    "uri": "MyFeatures/application.feature",
    "tags": [
      {
        "name": "@Test01",
        "type": "Tag",
        "location": {
          "line": 1,
          "column": 1
        }
      }
    ]
  }
]